<?xml version="1.0" encoding="UTF-8"?>
<coverage generated="1541987582087" clover="3.2.0">
  <project timestamp="1541987582087" name="All files">
    <metrics statements="18" coveredstatements="7" conditionals="2" coveredconditionals="0" methods="4" coveredmethods="1" elements="24" coveredelements="8" complexity="0" loc="18" ncloc="18" packages="1" files="1" classes="1">
      <file name="setup.js" path="/home/seano/dev/wordwind/src/jest/setup.js">
        <metrics statements="18" coveredstatements="7" conditionals="2" coveredconditionals="0" methods="4" coveredmethods="1"/>
        <line num="1" count="1" type="stmt"/>
        <line num="2" count="1" type="stmt"/>
        <line num="3" count="1" type="stmt"/>
        <line num="4" count="1" type="stmt"/>
        <line num="9" count="0" type="stmt"/>
        <line num="13" count="0" type="stmt"/>
        <line num="18" count="0" type="stmt"/>
        <line num="19" count="0" type="stmt"/>
        <line num="22" count="0" type="stmt"/>
        <line num="25" count="1" type="stmt"/>
        <line num="26" count="0" type="stmt"/>
        <line num="27" count="0" type="cond" truecount="0" falsecount="2"/>
        <line num="28" count="0" type="stmt"/>
        <line num="29" count="0" type="stmt"/>
        <line num="33" count="1" type="stmt"/>
        <line num="35" count="1" type="stmt"/>
        <line num="36" count="0" type="stmt"/>
        <line num="37" count="0" type="stmt"/>
      </file>
    </metrics>
  </project>
</coverage>
