<?xml version="1.0" encoding="UTF-8"?>
<coverage generated="1541984912188" clover="3.2.0">
  <project timestamp="1541984912188" name="All files">
    <metrics statements="17" coveredstatements="11" conditionals="2" coveredconditionals="1" methods="3" coveredmethods="1" elements="22" coveredelements="13" complexity="0" loc="17" ncloc="17" packages="1" files="1" classes="1">
      <file name="setup.js" path="/home/seano/dev/wordwind/src/jest/setup.js">
        <metrics statements="17" coveredstatements="11" conditionals="2" coveredconditionals="1" methods="3" coveredmethods="1"/>
        <line num="1" count="1" type="stmt"/>
        <line num="2" count="1" type="stmt"/>
        <line num="3" count="1" type="stmt"/>
        <line num="4" count="1" type="stmt"/>
        <line num="6" count="1" type="stmt"/>
        <line num="7" count="0" type="stmt"/>
        <line num="8" count="0" type="stmt"/>
        <line num="12" count="0" type="stmt"/>
        <line num="15" count="0" type="stmt"/>
        <line num="18" count="1" type="stmt"/>
        <line num="22" count="1" type="stmt"/>
        <line num="23" count="1" type="cond" truecount="1" falsecount="1"/>
        <line num="24" count="1" type="stmt"/>
        <line num="28" count="1" type="stmt"/>
        <line num="29" count="0" type="stmt"/>
        <line num="30" count="0" type="stmt"/>
        <line num="37" count="1" type="stmt"/>
      </file>
    </metrics>
  </project>
</coverage>
